Using pre-set license
Built from '2021.3/staging' branch; Version is '2021.3.24f1 (cf10dcf7010d) revision 13570268'; Using compiler version '192829333'; Build Type 'Release'
OS: 'Windows 10  (10.0.19044) 64bit Professional' Language: 'en' Physical Memory: 16307 MB
BatchMode: 1, IsHumanControllingUs: 0, StartBugReporterOnCrash: 0, Is64bit: 1, IsPro: 1

COMMAND LINE ARGUMENTS:
D:\Unity Editor\2021.3.24f1\Editor\Unity.exe
-adb2
-batchMode
-noUpm
-name
AssetImportWorker0
-projectPath
D:/Unitate/Test
-logFile
Logs/AssetImportWorker0.log
-srvPort
55254
Successfully changed project path to: D:/Unitate/Test
D:/Unitate/Test
[UnityMemory] Configuration Parameters - Can be set up in boot.config
    "memorysetup-bucket-allocator-granularity=16"
    "memorysetup-bucket-allocator-bucket-count=8"
    "memorysetup-bucket-allocator-block-size=33554432"
    "memorysetup-bucket-allocator-block-count=8"
    "memorysetup-main-allocator-block-size=16777216"
    "memorysetup-thread-allocator-block-size=16777216"
    "memorysetup-gfx-main-allocator-block-size=16777216"
    "memorysetup-gfx-thread-allocator-block-size=16777216"
    "memorysetup-cache-allocator-block-size=4194304"
    "memorysetup-typetree-allocator-block-size=2097152"
    "memorysetup-profiler-bucket-allocator-granularity=16"
    "memorysetup-profiler-bucket-allocator-bucket-count=8"
    "memorysetup-profiler-bucket-allocator-block-size=33554432"
    "memorysetup-profiler-bucket-allocator-block-count=8"
    "memorysetup-profiler-allocator-block-size=16777216"
    "memorysetup-profiler-editor-allocator-block-size=1048576"
    "memorysetup-temp-allocator-size-main=16777216"
    "memorysetup-job-temp-allocator-block-size=2097152"
    "memorysetup-job-temp-allocator-block-size-background=1048576"
    "memorysetup-job-temp-allocator-reduction-small-platforms=262144"
    "memorysetup-temp-allocator-size-background-worker=32768"
    "memorysetup-temp-allocator-size-job-worker=262144"
    "memorysetup-temp-allocator-size-preload-manager=33554432"
    "memorysetup-temp-allocator-size-nav-mesh-worker=65536"
    "memorysetup-temp-allocator-size-audio-worker=65536"
    "memorysetup-temp-allocator-size-cloud-worker=32768"
    "memorysetup-temp-allocator-size-gi-baking-worker=262144"
    "memorysetup-temp-allocator-size-gfx=262144"
Player connection [292] Host "[IP] 192.168.0.111 [Port] 0 [Flags] 2 [Guid] 169292787 [EditorId] 169292787 [Version] 1048832 [Id] WindowsEditor(7,DESKTOP-6TK6T8M) [Debug] 1 [PackageName] WindowsEditor [ProjectName] Editor" joined multi-casting on [225.0.0.222:54997]...

Player connection [292] Host "[IP] 192.168.0.111 [Port] 0 [Flags] 2 [Guid] 169292787 [EditorId] 169292787 [Version] 1048832 [Id] WindowsEditor(7,DESKTOP-6TK6T8M) [Debug] 1 [PackageName] WindowsEditor [ProjectName] Editor" joined alternative multi-casting on [225.0.0.222:34997]...

Refreshing native plugins compatible for Editor in 221.01 ms, found 4 plugins.
Preloading 0 native plugins for Editor in 0.00 ms.
Initialize engine version: 2021.3.24f1 (cf10dcf7010d)
[Subsystems] Discovering subsystems at path D:/Unity Editor/2021.3.24f1/Editor/Data/Resources/UnitySubsystems
[Subsystems] Discovering subsystems at path D:/Unitate/Test/Assets
GfxDevice: creating device client; threaded=0; jobified=0
Direct3D:
    Version:  Direct3D 11.0 [level 11.1]
    Renderer: NVIDIA GeForce RTX 3060 (ID=0x2504)
    Vendor:   NVIDIA
    VRAM:     12129 MB
    Driver:   31.0.15.2756
Initialize mono
Mono path[0] = 'D:/Unity Editor/2021.3.24f1/Editor/Data/Managed'
Mono path[1] = 'D:/Unity Editor/2021.3.24f1/Editor/Data/MonoBleedingEdge/lib/mono/unityjit-win32'
Mono config path = 'D:/Unity Editor/2021.3.24f1/Editor/Data/MonoBleedingEdge/etc'
Using monoOptions --debugger-agent=transport=dt_socket,embedding=1,server=y,suspend=n,address=127.0.0.1:56404
Begin MonoManager ReloadAssembly
Registering precompiled unity dll's ...
Register platform support module: D:/Unity Editor/2021.3.24f1/Editor/Data/PlaybackEngines/WindowsStandaloneSupport/UnityEditor.WindowsStandalone.Extensions.dll
Registered in 0.005443 seconds.
Native extension for WindowsStandalone target not found
Refreshing native plugins compatible for Editor in 253.98 ms, found 4 plugins.
Preloading 0 native plugins for Editor in 0.00 ms.
Mono: successfully reloaded assembly
- Completed reload, in  1.488 seconds
Domain Reload Profiling:
	ReloadAssembly (1489ms)
		BeginReloadAssembly (168ms)
			ExecutionOrderSort (0ms)
			DisableScriptedObjects (0ms)
			BackupInstance (0ms)
			ReleaseScriptingObjects (0ms)
			CreateAndSetChildDomain (1ms)
		EndReloadAssembly (1107ms)
			LoadAssemblies (166ms)
			RebuildTransferFunctionScriptingTraits (0ms)
			SetupTypeCache (249ms)
			ReleaseScriptCaches (0ms)
			RebuildScriptCaches (68ms)
			SetupLoadedEditorAssemblies (685ms)
				LogAssemblyErrors (0ms)
				InitializePlatformSupportModulesInManaged (15ms)
				SetLoadedEditorAssemblies (0ms)
				RefreshPlugins (254ms)
				BeforeProcessingInitializeOnLoad (2ms)
				ProcessInitializeOnLoadAttributes (311ms)
				ProcessInitializeOnLoadMethodAttributes (101ms)
				AfterProcessingInitializeOnLoad (0ms)
				EditorAssembliesLoaded (0ms)
			ExecutionOrderSort2 (0ms)
			AwakeInstancesAfterBackupRestoration (0ms)
Platform modules already initialized, skipping
Registering precompiled user dll's ...
Registered in 0.013684 seconds.
Begin MonoManager ReloadAssembly
Symbol file LoadedFromMemory doesn't match image D:\Unitate\Test\Library\PackageCache\com.unity.visualscripting@1.8.0\Editor\VisualScripting.Core\Dependencies\YamlDotNet\Unity.VisualScripting.YamlDotNet.dll
Symbol file LoadedFromMemory doesn't match image D:\Unitate\Test\Library\PackageCache\com.unity.visualscripting@1.8.0\Editor\VisualScripting.Core\Dependencies\DotNetZip\Unity.VisualScripting.IonicZip.dll
Native extension for WindowsStandalone target not found
Refreshing native plugins compatible for Editor in 223.10 ms, found 4 plugins.
Preloading 0 native plugins for Editor in 0.00 ms.
Mono: successfully reloaded assembly
- Completed reload, in  2.993 seconds
Domain Reload Profiling:
	ReloadAssembly (2995ms)
		BeginReloadAssembly (228ms)
			ExecutionOrderSort (0ms)
			DisableScriptedObjects (15ms)
			BackupInstance (0ms)
			ReleaseScriptingObjects (0ms)
			CreateAndSetChildDomain (32ms)
		EndReloadAssembly (2512ms)
			LoadAssemblies (201ms)
			RebuildTransferFunctionScriptingTraits (0ms)
			SetupTypeCache (588ms)
			ReleaseScriptCaches (1ms)
			RebuildScriptCaches (130ms)
			SetupLoadedEditorAssemblies (1513ms)
				LogAssemblyErrors (0ms)
				InitializePlatformSupportModulesInManaged (9ms)
				SetLoadedEditorAssemblies (0ms)
				RefreshPlugins (223ms)
				BeforeProcessingInitializeOnLoad (223ms)
				ProcessInitializeOnLoadAttributes (964ms)
				ProcessInitializeOnLoadMethodAttributes (84ms)
				AfterProcessingInitializeOnLoad (8ms)
				EditorAssembliesLoaded (0ms)
			ExecutionOrderSort2 (0ms)
			AwakeInstancesAfterBackupRestoration (12ms)
Platform modules already initialized, skipping
========================================================================
Worker process is ready to serve import requests
Launched and connected shader compiler UnityShaderCompiler.exe after 0.09 seconds
Refreshing native plugins compatible for Editor in 1.98 ms, found 4 plugins.
Preloading 0 native plugins for Editor in 0.00 ms.
Unloading 4436 Unused Serialized files (Serialized files now loaded: 0)
Unloading 69 unused Assets / (1.5 MB). Loaded Objects now: 4874.
Memory consumption went from 169.8 MB to 168.3 MB.
Total: 8.210000 ms (FindLiveObjects: 0.728700 ms CreateObjectMapping: 0.265700 ms MarkObjects: 6.545200 ms  DeleteObjects: 0.668300 ms)

AssetImportParameters requested are different than current active one (requested -> active):
  custom:video-decoder-ogg-theora: a1e56fd34408186e4bbccfd4996cb3dc -> 
  custom:container-muxer-webm: aa71ff27fc2769a1b78a27578f13a17b -> 
  custom:container-demuxer-webm: 4f35f7cbe854078d1ac9338744f61a02 -> 
  custom:video-encoder-webm-vp8: eb34c28f22e8b96e1ab97ce403110664 -> 
  custom:audio-encoder-webm-vorbis: bf7c407c2cedff20999df2af8eb42d56 -> 
  custom:framework-win-MediaFoundation: 216162199b28c13a410421893ffa2e32 -> 
  custom:container-demuxer-ogg: 62fdf1f143b41e24485cea50d1cbac27 -> 
  custom:video-decoder-webm-vp8: 9c59270c3fd7afecdb556c50c9e8de78 -> 
  custom:audio-decoder-ogg-vorbis: bf7c407c2cedff20999df2af8eb42d56 -> 
========================================================================
Received Import Request.
  Time since last request: 8215.547326 seconds.
  path: Assets/Scenes
  artifactKey: Guid(131a6b21c8605f84396be9f6751fb6e3) Importer(815301076,1909f56bfc062723c751e8b465ee728b)
Start importing Assets/Scenes using Guid(131a6b21c8605f84396be9f6751fb6e3) Importer(815301076,1909f56bfc062723c751e8b465ee728b)  -> (artifact id: '2c23e514d24f6b65fe96946cd87fc526') in 0.027713 seconds 
========================================================================
Received Import Request.
  Time since last request: 0.000046 seconds.
  path: Assets/Scenes/SampleScene.unity
  artifactKey: Guid(2cda990e2423bbf4892e6590ba056729) Importer(815301076,1909f56bfc062723c751e8b465ee728b)
Start importing Assets/Scenes/SampleScene.unity using Guid(2cda990e2423bbf4892e6590ba056729) Importer(815301076,1909f56bfc062723c751e8b465ee728b)  -> (artifact id: 'd4e19b6fe25347345072eab6d33d84e6') in 0.026235 seconds 
========================================================================
Received Import Request.
  Time since last request: 6.138995 seconds.
  path: Assets/Square (1).prefab
  artifactKey: Guid(98ef3770edb5e0943b87f4a0e107d252) Importer(815301076,1909f56bfc062723c751e8b465ee728b)
Start importing Assets/Square (1).prefab using Guid(98ef3770edb5e0943b87f4a0e107d252) Importer(815301076,1909f56bfc062723c751e8b465ee728b)  -> (artifact id: '8ab945914e26cd8ec5f01f2f3d1c8c4f') in 0.243182 seconds 
========================================================================
Received Import Request.
  Time since last request: 9.016554 seconds.
  path: Assets/GameObject.prefab
  artifactKey: Guid(c21edaac5153f3e41a25204fb1383552) Importer(815301076,1909f56bfc062723c751e8b465ee728b)
Start importing Assets/GameObject.prefab using Guid(c21edaac5153f3e41a25204fb1383552) Importer(815301076,1909f56bfc062723c751e8b465ee728b)  -> (artifact id: '58d5613aaa6ad42eb9fbef2d5125bcea') in 0.021441 seconds 
========================================================================
Received Import Request.
  Time since last request: 13.917637 seconds.
  path: Assets/FunnyCamera.prefab
  artifactKey: Guid(c21edaac5153f3e41a25204fb1383552) Importer(815301076,1909f56bfc062723c751e8b465ee728b)
Start importing Assets/FunnyCamera.prefab using Guid(c21edaac5153f3e41a25204fb1383552) Importer(815301076,1909f56bfc062723c751e8b465ee728b)  -> (artifact id: '9986d935b709bd453c798068d5c739c6') in 0.015441 seconds 
========================================================================
Received Import Request.
  Time since last request: 3230.026374 seconds.
  path: Assets/pixil-frame-0.png
  artifactKey: Guid(ff0299932d6d4dc45abaafcb2dfc91c4) Importer(815301076,1909f56bfc062723c751e8b465ee728b)
Start importing Assets/pixil-frame-0.png using Guid(ff0299932d6d4dc45abaafcb2dfc91c4) Importer(815301076,1909f56bfc062723c751e8b465ee728b)  -> (artifact id: '6c47187918418a521177f09f83cc458a') in 0.106099 seconds 
========================================================================
Received Import Request.
  Time since last request: 134.008086 seconds.
  path: Assets/pixil-frame-0 (1).png
  artifactKey: Guid(b0f9df339600fdc4d991deba1d06af7d) Importer(815301076,1909f56bfc062723c751e8b465ee728b)
Start importing Assets/pixil-frame-0 (1).png using Guid(b0f9df339600fdc4d991deba1d06af7d) Importer(815301076,1909f56bfc062723c751e8b465ee728b)  -> (artifact id: '24e50904e7b30e2a9ea694f5fbbf5bb3') in 0.035867 seconds 
========================================================================
Received Import Request.
  Time since last request: 34.053645 seconds.
  path: Assets/pixil-frame-0 (1).png
  artifactKey: Guid(b0f9df339600fdc4d991deba1d06af7d) Importer(815301076,1909f56bfc062723c751e8b465ee728b)
Start importing Assets/pixil-frame-0 (1).png using Guid(b0f9df339600fdc4d991deba1d06af7d) Importer(815301076,1909f56bfc062723c751e8b465ee728b)  -> (artifact id: 'efe3aaf2fb51f0898fe1cfa7854e4137') in 0.053710 seconds 
========================================================================
Received Import Request.
  Time since last request: 73.385736 seconds.
  path: Assets/pixil-frame-0 (1).png
  artifactKey: Guid(b0f9df339600fdc4d991deba1d06af7d) Importer(815301076,1909f56bfc062723c751e8b465ee728b)
Start importing Assets/pixil-frame-0 (1).png using Guid(b0f9df339600fdc4d991deba1d06af7d) Importer(815301076,1909f56bfc062723c751e8b465ee728b)  -> (artifact id: 'dad7bc4d83953ff7743f01ee73067d69') in 0.017471 seconds 
========================================================================
Received Import Request.
  Time since last request: 34.486333 seconds.
  path: Assets/pixil-frame-0 (1).png
  artifactKey: Guid(b0f9df339600fdc4d991deba1d06af7d) Importer(815301076,1909f56bfc062723c751e8b465ee728b)
Start importing Assets/pixil-frame-0 (1).png using Guid(b0f9df339600fdc4d991deba1d06af7d) Importer(815301076,1909f56bfc062723c751e8b465ee728b)  -> (artifact id: 'fafb4075533b8f5d7e0bf1a334faa7b1') in 0.013656 seconds 
========================================================================
Received Import Request.
  Time since last request: 4.540038 seconds.
  path: Assets/pixil-frame-0 (1).png
  artifactKey: Guid(b0f9df339600fdc4d991deba1d06af7d) Importer(815301076,1909f56bfc062723c751e8b465ee728b)
Start importing Assets/pixil-frame-0 (1).png using Guid(b0f9df339600fdc4d991deba1d06af7d) Importer(815301076,1909f56bfc062723c751e8b465ee728b)  -> (artifact id: 'c23d0c4fa6cc5b94a011eb598f31c994') in 0.013829 seconds 
========================================================================
Received Import Request.
  Time since last request: 8.307016 seconds.
  path: Assets/pixil-frame-0 (1).png
  artifactKey: Guid(b0f9df339600fdc4d991deba1d06af7d) Importer(815301076,1909f56bfc062723c751e8b465ee728b)
Start importing Assets/pixil-frame-0 (1).png using Guid(b0f9df339600fdc4d991deba1d06af7d) Importer(815301076,1909f56bfc062723c751e8b465ee728b)  -> (artifact id: 'f694b08284abebc9bee659e0a9935d78') in 0.016635 seconds 
========================================================================
Received Import Request.
  Time since last request: 4.815977 seconds.
  path: Assets/pixil-frame-0 (1).png
  artifactKey: Guid(b0f9df339600fdc4d991deba1d06af7d) Importer(815301076,1909f56bfc062723c751e8b465ee728b)
Start importing Assets/pixil-frame-0 (1).png using Guid(b0f9df339600fdc4d991deba1d06af7d) Importer(815301076,1909f56bfc062723c751e8b465ee728b)  -> (artifact id: '5f8f681f01f044ff933493b8f44df5d5') in 0.013918 seconds 
========================================================================
Received Import Request.
  Time since last request: 388.206199 seconds.
  path: Assets/pixil-frame-0 (1).png
  artifactKey: Guid(b0f9df339600fdc4d991deba1d06af7d) Importer(815301076,1909f56bfc062723c751e8b465ee728b)
Start importing Assets/pixil-frame-0 (1).png using Guid(b0f9df339600fdc4d991deba1d06af7d) Importer(815301076,1909f56bfc062723c751e8b465ee728b)  -> (artifact id: '7aa6414fa1b86ca5fe9d64cfa031a0fd') in 0.017088 seconds 
========================================================================
Received Import Request.
  Time since last request: 5.670994 seconds.
  path: Assets/pixil-frame-0 (1).png
  artifactKey: Guid(b0f9df339600fdc4d991deba1d06af7d) Importer(815301076,1909f56bfc062723c751e8b465ee728b)
Start importing Assets/pixil-frame-0 (1).png using Guid(b0f9df339600fdc4d991deba1d06af7d) Importer(815301076,1909f56bfc062723c751e8b465ee728b)  -> (artifact id: '92f35035a6f44ff9c57ee4b5a1c275ba') in 0.015129 seconds 
========================================================================
Received Import Request.
  Time since last request: 218.702821 seconds.
  path: Assets/pixil-frame-0 (1).png
  artifactKey: Guid(b0f9df339600fdc4d991deba1d06af7d) Importer(815301076,1909f56bfc062723c751e8b465ee728b)
Start importing Assets/pixil-frame-0 (1).png using Guid(b0f9df339600fdc4d991deba1d06af7d) Importer(815301076,1909f56bfc062723c751e8b465ee728b)  -> (artifact id: '2013e2a00a3395081a6241713e761686') in 0.017388 seconds 
========================================================================
Received Import Request.
  Time since last request: 482.062128 seconds.
  path: Assets/pixil-frame-0 (1).png
  artifactKey: Guid(b0f9df339600fdc4d991deba1d06af7d) Importer(815301076,1909f56bfc062723c751e8b465ee728b)
Start importing Assets/pixil-frame-0 (1).png using Guid(b0f9df339600fdc4d991deba1d06af7d) Importer(815301076,1909f56bfc062723c751e8b465ee728b)  -> (artifact id: '13074f4f6a9c26737ff75eae3a8fcdfb') in 0.024347 seconds 
========================================================================
Received Import Request.
  Time since last request: 10.627388 seconds.
  path: Assets/pixil-frame-0 (1).png
  artifactKey: Guid(b0f9df339600fdc4d991deba1d06af7d) Importer(815301076,1909f56bfc062723c751e8b465ee728b)
Start importing Assets/pixil-frame-0 (1).png using Guid(b0f9df339600fdc4d991deba1d06af7d) Importer(815301076,1909f56bfc062723c751e8b465ee728b)  -> (artifact id: '13747e6096d2cd16aef77de9cbe35b2f') in 0.035638 seconds 
========================================================================
Received Import Request.
  Time since last request: 4.058160 seconds.
  path: Assets/pixil-frame-0 (1).png
  artifactKey: Guid(b0f9df339600fdc4d991deba1d06af7d) Importer(815301076,1909f56bfc062723c751e8b465ee728b)
Start importing Assets/pixil-frame-0 (1).png using Guid(b0f9df339600fdc4d991deba1d06af7d) Importer(815301076,1909f56bfc062723c751e8b465ee728b)  -> (artifact id: 'b8ffa87b3bac4b966a2edd87c3431686') in 0.025533 seconds 
========================================================================
Received Import Request.
  Time since last request: 40.390689 seconds.
  path: Assets/pixil-frame-0 (1).png
  artifactKey: Guid(b0f9df339600fdc4d991deba1d06af7d) Importer(815301076,1909f56bfc062723c751e8b465ee728b)
Start importing Assets/pixil-frame-0 (1).png using Guid(b0f9df339600fdc4d991deba1d06af7d) Importer(815301076,1909f56bfc062723c751e8b465ee728b)  -> (artifact id: '770f30bd641495a872949a219687cc61') in 0.012231 seconds 
========================================================================
Received Import Request.
  Time since last request: 566.228276 seconds.
  path: Assets/playerMovement.cs
  artifactKey: Guid(0a0ab0a228904374389ddfac53ab495f) Importer(815301076,1909f56bfc062723c751e8b465ee728b)
Start importing Assets/playerMovement.cs using Guid(0a0ab0a228904374389ddfac53ab495f) Importer(815301076,1909f56bfc062723c751e8b465ee728b)  -> (artifact id: '1f2a57346e5d66f0a11a8eeeca0e0d8e') in 0.031308 seconds 
========================================================================
Received Prepare
Registering precompiled user dll's ...
Registered in 0.016589 seconds.
Begin MonoManager ReloadAssembly
Symbol file LoadedFromMemory doesn't match image D:\Unitate\Test\Library\PackageCache\com.unity.visualscripting@1.8.0\Editor\VisualScripting.Core\Dependencies\YamlDotNet\Unity.VisualScripting.YamlDotNet.dll
Symbol file LoadedFromMemory doesn't match image D:\Unitate\Test\Library\PackageCache\com.unity.visualscripting@1.8.0\Editor\VisualScripting.Core\Dependencies\DotNetZip\Unity.VisualScripting.IonicZip.dll
Native extension for WindowsStandalone target not found
Refreshing native plugins compatible for Editor in 1.68 ms, found 4 plugins.
Preloading 0 native plugins for Editor in 0.00 ms.
Mono: successfully reloaded assembly
- Completed reload, in  3.113 seconds
Domain Reload Profiling:
	ReloadAssembly (3115ms)
		BeginReloadAssembly (596ms)
			ExecutionOrderSort (0ms)
			DisableScriptedObjects (46ms)
			BackupInstance (0ms)
			ReleaseScriptingObjects (0ms)
			CreateAndSetChildDomain (271ms)
		EndReloadAssembly (2290ms)
			LoadAssemblies (247ms)
			RebuildTransferFunctionScriptingTraits (0ms)
			SetupTypeCache (606ms)
			ReleaseScriptCaches (2ms)
			RebuildScriptCaches (111ms)
			SetupLoadedEditorAssemblies (1273ms)
				LogAssemblyErrors (0ms)
				InitializePlatformSupportModulesInManaged (11ms)
				SetLoadedEditorAssemblies (1ms)
				RefreshPlugins (2ms)
				BeforeProcessingInitializeOnLoad (184ms)
				ProcessInitializeOnLoadAttributes (976ms)
				ProcessInitializeOnLoadMethodAttributes (92ms)
				AfterProcessingInitializeOnLoad (7ms)
				EditorAssembliesLoaded (1ms)
			ExecutionOrderSort2 (0ms)
			AwakeInstancesAfterBackupRestoration (15ms)
Platform modules already initialized, skipping
Refreshing native plugins compatible for Editor in 5.01 ms, found 4 plugins.
Preloading 0 native plugins for Editor in 0.00 ms.
Unloading 4404 Unused Serialized files (Serialized files now loaded: 0)
Unloading 44 unused Assets / (1.5 MB). Loaded Objects now: 4902.
Memory consumption went from 170.9 MB to 169.4 MB.
Total: 8.818400 ms (FindLiveObjects: 0.488100 ms CreateObjectMapping: 0.453000 ms MarkObjects: 7.280800 ms  DeleteObjects: 0.594700 ms)

AssetImportParameters requested are different than current active one (requested -> active):
  custom:video-decoder-ogg-theora: a1e56fd34408186e4bbccfd4996cb3dc -> 
  custom:container-muxer-webm: aa71ff27fc2769a1b78a27578f13a17b -> 
  custom:container-demuxer-webm: 4f35f7cbe854078d1ac9338744f61a02 -> 
  custom:video-encoder-webm-vp8: eb34c28f22e8b96e1ab97ce403110664 -> 
  custom:audio-encoder-webm-vorbis: bf7c407c2cedff20999df2af8eb42d56 -> 
  custom:framework-win-MediaFoundation: 216162199b28c13a410421893ffa2e32 -> 
  custom:container-demuxer-ogg: 62fdf1f143b41e24485cea50d1cbac27 -> 
  custom:video-decoder-webm-vp8: 9c59270c3fd7afecdb556c50c9e8de78 -> 
  custom:audio-decoder-ogg-vorbis: bf7c407c2cedff20999df2af8eb42d56 -> 
========================================================================
Received Import Request.
  Time since last request: 56.038606 seconds.
  path: Assets/Square (1).prefab
  artifactKey: Guid(98ef3770edb5e0943b87f4a0e107d252) Importer(815301076,1909f56bfc062723c751e8b465ee728b)
Start importing Assets/Square (1).prefab using Guid(98ef3770edb5e0943b87f4a0e107d252) Importer(815301076,1909f56bfc062723c751e8b465ee728b)  -> (artifact id: '2287d895bcce4ad1c3b5a3354e41fb16') in 0.466984 seconds 
========================================================================
Received Import Request.
  Time since last request: 40.810413 seconds.
  path: Assets/Square (1).prefab
  artifactKey: Guid(98ef3770edb5e0943b87f4a0e107d252) Importer(815301076,1909f56bfc062723c751e8b465ee728b)
Start importing Assets/Square (1).prefab using Guid(98ef3770edb5e0943b87f4a0e107d252) Importer(815301076,1909f56bfc062723c751e8b465ee728b)  -> (artifact id: '48f9efa9c3989aeebed60a83c3529c04') in 0.044038 seconds 
========================================================================
Received Prepare
Registering precompiled user dll's ...
Registered in 0.011237 seconds.
Begin MonoManager ReloadAssembly
Symbol file LoadedFromMemory doesn't match image D:\Unitate\Test\Library\PackageCache\com.unity.visualscripting@1.8.0\Editor\VisualScripting.Core\Dependencies\YamlDotNet\Unity.VisualScripting.YamlDotNet.dll
Symbol file LoadedFromMemory doesn't match image D:\Unitate\Test\Library\PackageCache\com.unity.visualscripting@1.8.0\Editor\VisualScripting.Core\Dependencies\DotNetZip\Unity.VisualScripting.IonicZip.dll
Native extension for WindowsStandalone target not found
Refreshing native plugins compatible for Editor in 1.52 ms, found 4 plugins.
Preloading 0 native plugins for Editor in 0.00 ms.
Mono: successfully reloaded assembly
- Completed reload, in  2.724 seconds
Domain Reload Profiling:
	ReloadAssembly (2725ms)
		BeginReloadAssembly (275ms)
			ExecutionOrderSort (0ms)
			DisableScriptedObjects (14ms)
			BackupInstance (0ms)
			ReleaseScriptingObjects (0ms)
			CreateAndSetChildDomain (69ms)
		EndReloadAssembly (2231ms)
			LoadAssemblies (209ms)
			RebuildTransferFunctionScriptingTraits (0ms)
			SetupTypeCache (573ms)
			ReleaseScriptCaches (2ms)
			RebuildScriptCaches (113ms)
			SetupLoadedEditorAssemblies (1254ms)
				LogAssemblyErrors (0ms)
				InitializePlatformSupportModulesInManaged (10ms)
				SetLoadedEditorAssemblies (1ms)
				RefreshPlugins (2ms)
				BeforeProcessingInitializeOnLoad (178ms)
				ProcessInitializeOnLoadAttributes (966ms)
				ProcessInitializeOnLoadMethodAttributes (89ms)
				AfterProcessingInitializeOnLoad (6ms)
				EditorAssembliesLoaded (0ms)
			ExecutionOrderSort2 (0ms)
			AwakeInstancesAfterBackupRestoration (16ms)
Platform modules already initialized, skipping
Refreshing native plugins compatible for Editor in 5.09 ms, found 4 plugins.
Preloading 0 native plugins for Editor in 0.00 ms.
Unloading 4404 Unused Serialized files (Serialized files now loaded: 0)
Unloading 44 unused Assets / (1.5 MB). Loaded Objects now: 4917.
Memory consumption went from 170.9 MB to 169.5 MB.
Total: 7.346100 ms (FindLiveObjects: 0.498000 ms CreateObjectMapping: 0.207800 ms MarkObjects: 6.082900 ms  DeleteObjects: 0.555700 ms)

AssetImportParameters requested are different than current active one (requested -> active):
  custom:video-decoder-ogg-theora: a1e56fd34408186e4bbccfd4996cb3dc -> 
  custom:container-muxer-webm: aa71ff27fc2769a1b78a27578f13a17b -> 
  custom:container-demuxer-webm: 4f35f7cbe854078d1ac9338744f61a02 -> 
  custom:video-encoder-webm-vp8: eb34c28f22e8b96e1ab97ce403110664 -> 
  custom:audio-encoder-webm-vorbis: bf7c407c2cedff20999df2af8eb42d56 -> 
  custom:framework-win-MediaFoundation: 216162199b28c13a410421893ffa2e32 -> 
  custom:container-demuxer-ogg: 62fdf1f143b41e24485cea50d1cbac27 -> 
  custom:video-decoder-webm-vp8: 9c59270c3fd7afecdb556c50c9e8de78 -> 
  custom:audio-decoder-ogg-vorbis: bf7c407c2cedff20999df2af8eb42d56 -> 
========================================================================
Received Import Request.
  Time since last request: 45.885796 seconds.
  path: Assets/playerMovement.cs
  artifactKey: Guid(0a0ab0a228904374389ddfac53ab495f) Importer(815301076,1909f56bfc062723c751e8b465ee728b)
Start importing Assets/playerMovement.cs using Guid(0a0ab0a228904374389ddfac53ab495f) Importer(815301076,1909f56bfc062723c751e8b465ee728b)  -> (artifact id: '73f316417ef6c3b2875923e2477dcd3c') in 0.013021 seconds 
========================================================================
Received Prepare
Registering precompiled user dll's ...
Registered in 0.011626 seconds.
Begin MonoManager ReloadAssembly
Symbol file LoadedFromMemory doesn't match image D:\Unitate\Test\Library\PackageCache\com.unity.visualscripting@1.8.0\Editor\VisualScripting.Core\Dependencies\YamlDotNet\Unity.VisualScripting.YamlDotNet.dll
Symbol file LoadedFromMemory doesn't match image D:\Unitate\Test\Library\PackageCache\com.unity.visualscripting@1.8.0\Editor\VisualScripting.Core\Dependencies\DotNetZip\Unity.VisualScripting.IonicZip.dll
Native extension for WindowsStandalone target not found
Refreshing native plugins compatible for Editor in 2.02 ms, found 4 plugins.
Preloading 0 native plugins for Editor in 0.00 ms.
Mono: successfully reloaded assembly
- Completed reload, in  2.510 seconds
Domain Reload Profiling:
	ReloadAssembly (2512ms)
		BeginReloadAssembly (279ms)
			ExecutionOrderSort (0ms)
			DisableScriptedObjects (12ms)
			BackupInstance (0ms)
			ReleaseScriptingObjects (0ms)
			CreateAndSetChildDomain (66ms)
		EndReloadAssembly (2013ms)
			LoadAssemblies (214ms)
			RebuildTransferFunctionScriptingTraits (0ms)
			SetupTypeCache (568ms)
			ReleaseScriptCaches (3ms)
			RebuildScriptCaches (124ms)
			SetupLoadedEditorAssemblies (1053ms)
				LogAssemblyErrors (0ms)
				InitializePlatformSupportModulesInManaged (11ms)
				SetLoadedEditorAssemblies (1ms)
				RefreshPlugins (2ms)
				BeforeProcessingInitializeOnLoad (156ms)
				ProcessInitializeOnLoadAttributes (802ms)
				ProcessInitializeOnLoadMethodAttributes (73ms)
				AfterProcessingInitializeOnLoad (6ms)
				EditorAssembliesLoaded (0ms)
			ExecutionOrderSort2 (0ms)
			AwakeInstancesAfterBackupRestoration (11ms)
Platform modules already initialized, skipping
Refreshing native plugins compatible for Editor in 3.40 ms, found 4 plugins.
Preloading 0 native plugins for Editor in 0.00 ms.
Unloading 4404 Unused Serialized files (Serialized files now loaded: 0)
Unloading 44 unused Assets / (1.5 MB). Loaded Objects now: 4932.
Memory consumption went from 170.9 MB to 169.5 MB.
Total: 6.189800 ms (FindLiveObjects: 0.455000 ms CreateObjectMapping: 0.177600 ms MarkObjects: 5.060700 ms  DeleteObjects: 0.494700 ms)

AssetImportParameters requested are different than current active one (requested -> active):
  custom:video-decoder-ogg-theora: a1e56fd34408186e4bbccfd4996cb3dc -> 
  custom:container-muxer-webm: aa71ff27fc2769a1b78a27578f13a17b -> 
  custom:container-demuxer-webm: 4f35f7cbe854078d1ac9338744f61a02 -> 
  custom:video-encoder-webm-vp8: eb34c28f22e8b96e1ab97ce403110664 -> 
  custom:audio-encoder-webm-vorbis: bf7c407c2cedff20999df2af8eb42d56 -> 
  custom:framework-win-MediaFoundation: 216162199b28c13a410421893ffa2e32 -> 
  custom:container-demuxer-ogg: 62fdf1f143b41e24485cea50d1cbac27 -> 
  custom:video-decoder-webm-vp8: 9c59270c3fd7afecdb556c50c9e8de78 -> 
  custom:audio-decoder-ogg-vorbis: bf7c407c2cedff20999df2af8eb42d56 -> 
========================================================================
Received Prepare
Registering precompiled user dll's ...
Registered in 0.014587 seconds.
Begin MonoManager ReloadAssembly
Symbol file LoadedFromMemory doesn't match image D:\Unitate\Test\Library\PackageCache\com.unity.visualscripting@1.8.0\Editor\VisualScripting.Core\Dependencies\YamlDotNet\Unity.VisualScripting.YamlDotNet.dll
Symbol file LoadedFromMemory doesn't match image D:\Unitate\Test\Library\PackageCache\com.unity.visualscripting@1.8.0\Editor\VisualScripting.Core\Dependencies\DotNetZip\Unity.VisualScripting.IonicZip.dll
Native extension for WindowsStandalone target not found
Refreshing native plugins compatible for Editor in 1.35 ms, found 4 plugins.
Preloading 0 native plugins for Editor in 0.00 ms.
Mono: successfully reloaded assembly
- Completed reload, in  2.813 seconds
Domain Reload Profiling:
	ReloadAssembly (2815ms)
		BeginReloadAssembly (284ms)
			ExecutionOrderSort (0ms)
			DisableScriptedObjects (13ms)
			BackupInstance (0ms)
			ReleaseScriptingObjects (0ms)
			CreateAndSetChildDomain (68ms)
		EndReloadAssembly (2309ms)
			LoadAssemblies (196ms)
			RebuildTransferFunctionScriptingTraits (0ms)
			SetupTypeCache (589ms)
			ReleaseScriptCaches (2ms)
			RebuildScriptCaches (115ms)
			SetupLoadedEditorAssemblies (1311ms)
				LogAssemblyErrors (0ms)
				InitializePlatformSupportModulesInManaged (11ms)
				SetLoadedEditorAssemblies (1ms)
				RefreshPlugins (1ms)
				BeforeProcessingInitializeOnLoad (184ms)
				ProcessInitializeOnLoadAttributes (1010ms)
				ProcessInitializeOnLoadMethodAttributes (96ms)
				AfterProcessingInitializeOnLoad (7ms)
				EditorAssembliesLoaded (0ms)
			ExecutionOrderSort2 (0ms)
			AwakeInstancesAfterBackupRestoration (16ms)
Platform modules already initialized, skipping
Refreshing native plugins compatible for Editor in 6.21 ms, found 4 plugins.
Preloading 0 native plugins for Editor in 0.00 ms.
Unloading 4404 Unused Serialized files (Serialized files now loaded: 0)
Unloading 44 unused Assets / (1.5 MB). Loaded Objects now: 4947.
Memory consumption went from 171.0 MB to 169.5 MB.
Total: 7.531000 ms (FindLiveObjects: 0.512900 ms CreateObjectMapping: 0.209500 ms MarkObjects: 6.232200 ms  DeleteObjects: 0.574800 ms)

AssetImportParameters requested are different than current active one (requested -> active):
  custom:video-decoder-ogg-theora: a1e56fd34408186e4bbccfd4996cb3dc -> 
  custom:container-muxer-webm: aa71ff27fc2769a1b78a27578f13a17b -> 
  custom:container-demuxer-webm: 4f35f7cbe854078d1ac9338744f61a02 -> 
  custom:video-encoder-webm-vp8: eb34c28f22e8b96e1ab97ce403110664 -> 
  custom:audio-encoder-webm-vorbis: bf7c407c2cedff20999df2af8eb42d56 -> 
  custom:framework-win-MediaFoundation: 216162199b28c13a410421893ffa2e32 -> 
  custom:container-demuxer-ogg: 62fdf1f143b41e24485cea50d1cbac27 -> 
  custom:video-decoder-webm-vp8: 9c59270c3fd7afecdb556c50c9e8de78 -> 
  custom:audio-decoder-ogg-vorbis: bf7c407c2cedff20999df2af8eb42d56 -> 
========================================================================
Received Import Request.
  Time since last request: 2329.648005 seconds.
  path: Assets/platform.prefab
  artifactKey: Guid(cf682d8f636b7044793a4cb542323f7f) Importer(815301076,1909f56bfc062723c751e8b465ee728b)
Start importing Assets/platform.prefab using Guid(cf682d8f636b7044793a4cb542323f7f) Importer(815301076,1909f56bfc062723c751e8b465ee728b)  -> (artifact id: 'f560b2cec576c8870674072ae289d266') in 0.150960 seconds 
========================================================================
Received Import Request.
  Time since last request: 5.877750 seconds.
  path: Assets/Stary.prefab
  artifactKey: Guid(762aad67bd99ed547ad260e0cc5bc90d) Importer(815301076,1909f56bfc062723c751e8b465ee728b)
Start importing Assets/Stary.prefab using Guid(762aad67bd99ed547ad260e0cc5bc90d) Importer(815301076,1909f56bfc062723c751e8b465ee728b)  -> (artifact id: '2398ef59235315875c95dcfb3ae55b13') in 0.025861 seconds 
========================================================================
Received Import Request.
  Time since last request: 510.128399 seconds.
  path: Assets/Code
  artifactKey: Guid(dbcdcf10248d9a6459208c0f32325d5b) Importer(815301076,1909f56bfc062723c751e8b465ee728b)
Start importing Assets/Code using Guid(dbcdcf10248d9a6459208c0f32325d5b) Importer(815301076,1909f56bfc062723c751e8b465ee728b)  -> (artifact id: '8f39ff6013b293d285fed7b03b0faa66') in 0.016286 seconds 
========================================================================
Received Prepare
Registering precompiled user dll's ...
Registered in 0.012692 seconds.
Begin MonoManager ReloadAssembly
Symbol file LoadedFromMemory doesn't match image D:\Unitate\Test\Library\PackageCache\com.unity.visualscripting@1.8.0\Editor\VisualScripting.Core\Dependencies\YamlDotNet\Unity.VisualScripting.YamlDotNet.dll
Symbol file LoadedFromMemory doesn't match image D:\Unitate\Test\Library\PackageCache\com.unity.visualscripting@1.8.0\Editor\VisualScripting.Core\Dependencies\DotNetZip\Unity.VisualScripting.IonicZip.dll
Native extension for WindowsStandalone target not found
Refreshing native plugins compatible for Editor in 1.42 ms, found 4 plugins.
Preloading 0 native plugins for Editor in 0.00 ms.
Mono: successfully reloaded assembly
- Completed reload, in  2.586 seconds
Domain Reload Profiling:
	ReloadAssembly (2588ms)
		BeginReloadAssembly (300ms)
			ExecutionOrderSort (0ms)
			DisableScriptedObjects (14ms)
			BackupInstance (0ms)
			ReleaseScriptingObjects (0ms)
			CreateAndSetChildDomain (74ms)
		EndReloadAssembly (2066ms)
			LoadAssemblies (222ms)
			RebuildTransferFunctionScriptingTraits (0ms)
			SetupTypeCache (502ms)
			ReleaseScriptCaches (3ms)
			RebuildScriptCaches (104ms)
			SetupLoadedEditorAssemblies (1198ms)
				LogAssemblyErrors (0ms)
				InitializePlatformSupportModulesInManaged (9ms)
				SetLoadedEditorAssemblies (1ms)
				RefreshPlugins (2ms)
				BeforeProcessingInitializeOnLoad (166ms)
				ProcessInitializeOnLoadAttributes (931ms)
				ProcessInitializeOnLoadMethodAttributes (83ms)
				AfterProcessingInitializeOnLoad (6ms)
				EditorAssembliesLoaded (0ms)
			ExecutionOrderSort2 (0ms)
			AwakeInstancesAfterBackupRestoration (14ms)
Platform modules already initialized, skipping
Refreshing native plugins compatible for Editor in 7.17 ms, found 4 plugins.
Preloading 0 native plugins for Editor in 0.00 ms.
Unloading 4404 Unused Serialized files (Serialized files now loaded: 0)
Unloading 44 unused Assets / (1.5 MB). Loaded Objects now: 4962.
Memory consumption went from 171.0 MB to 169.5 MB.
Total: 8.381000 ms (FindLiveObjects: 0.608800 ms CreateObjectMapping: 0.316000 ms MarkObjects: 6.812800 ms  DeleteObjects: 0.641300 ms)

AssetImportParameters requested are different than current active one (requested -> active):
  custom:video-decoder-ogg-theora: a1e56fd34408186e4bbccfd4996cb3dc -> 
  custom:container-muxer-webm: aa71ff27fc2769a1b78a27578f13a17b -> 
  custom:container-demuxer-webm: 4f35f7cbe854078d1ac9338744f61a02 -> 
  custom:video-encoder-webm-vp8: eb34c28f22e8b96e1ab97ce403110664 -> 
  custom:audio-encoder-webm-vorbis: bf7c407c2cedff20999df2af8eb42d56 -> 
  custom:framework-win-MediaFoundation: 216162199b28c13a410421893ffa2e32 -> 
  custom:container-demuxer-ogg: 62fdf1f143b41e24485cea50d1cbac27 -> 
  custom:video-decoder-webm-vp8: 9c59270c3fd7afecdb556c50c9e8de78 -> 
  custom:audio-decoder-ogg-vorbis: bf7c407c2cedff20999df2af8eb42d56 -> 
========================================================================
Received Import Request.
  Time since last request: 35.067686 seconds.
  path: Assets/Sprites
  artifactKey: Guid(6ae853974570b9343b46ebb2c8d9f782) Importer(815301076,1909f56bfc062723c751e8b465ee728b)
Start importing Assets/Sprites using Guid(6ae853974570b9343b46ebb2c8d9f782) Importer(815301076,1909f56bfc062723c751e8b465ee728b)  -> (artifact id: '70db3a4f9c05b2795e8de7153e7469c4') in 0.020782 seconds 
========================================================================
Received Import Request.
  Time since last request: 10.021364 seconds.
  path: Assets/Prefabs
  artifactKey: Guid(21d46f906270af943af152843100705c) Importer(815301076,1909f56bfc062723c751e8b465ee728b)
Start importing Assets/Prefabs using Guid(21d46f906270af943af152843100705c) Importer(815301076,1909f56bfc062723c751e8b465ee728b)  -> (artifact id: '502b1b3d37063276416a3442d77593f0') in 0.013643 seconds 
